2024-01-10 03:33:44 Loading main app package /tmp/.mount_ObsidixZZD8a/resources/obsidian.asar
2024-01-10 03:33:45 Checking for update using Github
2024-01-10 03:33:51 Success.
2024-01-10 03:33:51 Latest version is 1.5.3
2024-01-10 03:33:51 App is up to date.
2024-01-12 00:26:48 Loading main app package /tmp/.mount_obsidiZtGEwc/resources/obsidian.asar
2024-01-12 00:26:49 Checking for update using Github
2024-01-12 00:26:49 Success.
2024-01-12 00:26:49 Latest version is 1.5.3
2024-01-12 00:26:49 App is up to date.
2024-01-13 20:12:01 Loading main app package /tmp/.mount_obsidiMpQuOd/resources/obsidian.asar
2024-01-13 20:12:02 Checking for update using Github
2024-01-13 20:12:03 Success.
2024-01-13 20:12:03 Latest version is 1.5.3
2024-01-13 20:12:03 App is up to date.
2024-01-13 21:12:01 Checking for update using Github
2024-01-13 21:12:01 Success.
2024-01-13 21:12:01 Latest version is 1.5.3
2024-01-13 21:12:01 App is up to date.
2024-01-13 22:12:01 Checking for update using Github
2024-01-13 22:12:01 Success.
2024-01-13 22:12:01 Latest version is 1.5.3
2024-01-13 22:12:01 App is up to date.
2024-01-13 23:12:01 Checking for update using Github
2024-01-13 23:12:02 Success.
2024-01-13 23:12:02 Latest version is 1.5.3
2024-01-13 23:12:02 App is up to date.
2024-01-14 04:07:12 Checking for update using Github
2024-01-14 04:07:12 Success.
2024-01-14 04:07:12 Latest version is 1.5.3
2024-01-14 04:07:12 App is up to date.
2024-01-16 20:59:00 Loading main app package /tmp/.mount_obsidigtD6s8/resources/obsidian.asar
2024-01-16 20:59:01 Checking for update using Github
2024-01-16 20:59:01 Success.
2024-01-16 20:59:01 Latest version is 1.5.3
2024-01-16 20:59:01 App is up to date.
2024-01-16 20:59:29 Loading main app package /tmp/.mount_obsidiXMvCQw/resources/obsidian.asar
2024-01-16 20:59:30 Checking for update using Github
2024-01-16 20:59:30 Success.
2024-01-16 20:59:30 Latest version is 1.5.3
2024-01-16 20:59:30 App is up to date.
2024-01-16 21:07:14 Loading main app package /tmp/.mount_obsidi8lj4x9/resources/obsidian.asar
2024-01-16 21:07:14 Checking for update using Github
2024-01-16 21:07:15 Success.
2024-01-16 21:07:15 Latest version is 1.5.3
2024-01-16 21:07:15 App is up to date.
2024-01-16 21:19:38 Loading main app package /tmp/.mount_obsidiwCNt6u/resources/obsidian.asar
2024-01-16 21:19:39 Checking for update using Github
2024-01-16 21:19:39 Success.
2024-01-16 21:19:39 Latest version is 1.5.3
2024-01-16 21:19:39 App is up to date.
2024-01-16 21:29:42 Loading main app package /tmp/.mount_obsidikYw7WH/resources/obsidian.asar
2024-01-16 21:29:43 Checking for update using Github
2024-01-16 21:29:43 Success.
2024-01-16 21:29:43 Latest version is 1.5.3
2024-01-16 21:29:43 App is up to date.
2024-01-16 21:30:07 Loading main app package /tmp/.mount_obsidiyEgVKt/resources/obsidian.asar
2024-01-16 21:30:08 Checking for update using Github
2024-01-16 21:30:08 Success.
2024-01-16 21:30:08 Latest version is 1.5.3
2024-01-16 21:30:08 App is up to date.
2024-01-16 21:55:47 Loading main app package /tmp/.mount_obsidiekRYpH/resources/obsidian.asar
2024-01-16 21:55:47 Checking for update using Github
2024-01-16 21:55:47 Success.
2024-01-16 21:55:47 Latest version is 1.5.3
2024-01-16 21:55:47 App is up to date.
2024-01-16 22:55:47 Checking for update using Github
2024-01-16 22:55:47 Success.
2024-01-16 22:55:47 Latest version is 1.5.3
2024-01-16 22:55:47 App is up to date.
2024-01-16 23:05:41 Loading main app package /tmp/.mount_obsidiM1cQ93/resources/obsidian.asar
2024-01-16 23:05:41 Checking for update using Github
2024-01-16 23:05:41 Success.
2024-01-16 23:05:41 Latest version is 1.5.3
2024-01-16 23:05:41 App is up to date.
2024-01-17 16:35:49 Loading main app package /tmp/.mount_obsidiCnpjTD/resources/obsidian.asar
2024-01-17 16:35:50 Checking for update using Github
2024-01-17 16:35:51 Success.
2024-01-17 16:35:51 Latest version is 1.5.3
2024-01-17 16:35:51 App is up to date.
2024-01-17 16:35:56 Loading main app package /tmp/.mount_obsidi4YcVx8/resources/obsidian.asar
2024-01-17 16:35:57 Checking for update using Github
2024-01-17 16:35:57 Success.
2024-01-17 16:35:57 Latest version is 1.5.3
2024-01-17 16:35:57 App is up to date.
2024-01-17 17:35:56 Checking for update using Github
2024-01-17 17:35:56 Success.
2024-01-17 17:35:56 Latest version is 1.5.3
2024-01-17 17:35:56 App is up to date.
2024-01-17 18:35:56 Checking for update using Github
2024-01-17 18:35:57 Success.
2024-01-17 18:35:57 Latest version is 1.5.3
2024-01-17 18:35:57 App is up to date.
2024-01-17 19:35:56 Checking for update using Github
2024-01-17 19:35:57 Success.
2024-01-17 19:35:57 Latest version is 1.5.3
2024-01-17 19:35:57 App is up to date.
2024-01-17 19:37:25 Loading main app package /tmp/.mount_obsidi8zZn0E/resources/obsidian.asar
2024-01-17 19:37:25 Checking for update using Github
2024-01-17 20:34:48 Loading main app package /tmp/.mount_obsidiOPHbPb/resources/obsidian.asar
2024-01-17 20:34:49 Checking for update using Github
2024-01-17 20:35:56 Checking for update using Github
2024-01-17 20:35:57 Success.
2024-01-17 20:35:57 Latest version is 1.5.3
2024-01-17 20:35:57 App is up to date.
2024-01-17 21:35:56 Checking for update using Github
2024-01-17 21:35:57 Success.
2024-01-17 21:35:57 Latest version is 1.5.3
2024-01-17 21:35:57 App is up to date.
2024-01-17 22:35:56 Checking for update using Github
2024-01-17 22:35:57 Success.
2024-01-17 22:35:57 Latest version is 1.5.3
2024-01-17 22:35:57 App is up to date.
2024-01-17 23:35:57 Checking for update using Github
2024-01-17 23:35:57 Success.
2024-01-17 23:35:57 Latest version is 1.5.3
2024-01-17 23:35:57 App is up to date.
2024-01-18 01:25:31 Checking for update using Github
2024-01-18 01:25:31 Failed to check for update using Github (net::ERR_INTERNET_DISCONNECTED)
2024-01-18 01:25:31 Checking for update using obsidian.md
2024-01-18 01:25:31 Failed to check for update using obsidian.md (net::ERR_INTERNET_DISCONNECTED)
2024-01-18 02:25:31 Checking for update using Github
2024-01-18 02:25:31 Failed to check for update using Github (net::ERR_INTERNET_DISCONNECTED)
2024-01-18 02:25:31 Checking for update using obsidian.md
2024-01-18 02:25:31 Failed to check for update using obsidian.md (net::ERR_INTERNET_DISCONNECTED)
2024-01-18 03:25:32 Checking for update using Github
2024-01-18 03:25:33 Success.
2024-01-18 03:25:33 Latest version is 1.5.3
2024-01-18 03:25:33 App is up to date.
2024-01-18 04:25:33 Checking for update using Github
2024-01-18 04:25:33 Success.
2024-01-18 04:25:33 Latest version is 1.5.3
2024-01-18 04:25:33 App is up to date.
2024-01-18 15:42:15 Checking for update using Github
2024-01-18 15:42:15 Success.
2024-01-18 15:42:15 Latest version is 1.5.3
2024-01-18 15:42:15 App is up to date.
2024-01-18 16:42:15 Checking for update using Github
2024-01-18 16:42:15 Success.
2024-01-18 16:42:15 Latest version is 1.5.3
2024-01-18 16:42:15 App is up to date.
2024-01-18 20:55:35 Checking for update using Github
2024-01-18 20:55:36 Success.
2024-01-18 20:55:36 Latest version is 1.5.3
2024-01-18 20:55:36 App is up to date.
2024-01-18 21:55:36 Checking for update using Github
2024-01-18 21:55:36 Success.
2024-01-18 21:55:36 Latest version is 1.5.3
2024-01-18 21:55:36 App is up to date.
2024-01-18 22:55:36 Checking for update using Github
2024-01-18 22:55:36 Success.
2024-01-18 22:55:36 Latest version is 1.5.3
2024-01-18 22:55:36 App is up to date.
2024-01-18 23:55:36 Checking for update using Github
2024-01-18 23:55:36 Success.
2024-01-18 23:55:36 Latest version is 1.5.3
2024-01-18 23:55:36 App is up to date.
2024-01-19 01:55:38 Checking for update using Github
2024-01-19 01:55:38 Failed to check for update using Github (net::ERR_INTERNET_DISCONNECTED)
2024-01-19 01:55:38 Checking for update using obsidian.md
2024-01-19 01:55:38 Failed to check for update using obsidian.md (net::ERR_INTERNET_DISCONNECTED)
2024-01-19 02:55:38 Checking for update using Github
2024-01-19 02:55:38 Failed to check for update using Github (net::ERR_INTERNET_DISCONNECTED)
2024-01-19 02:55:38 Checking for update using obsidian.md
2024-01-19 02:55:38 Failed to check for update using obsidian.md (net::ERR_INTERNET_DISCONNECTED)
2024-01-19 03:55:39 Checking for update using Github
2024-01-19 03:55:44 Success.
2024-01-19 03:55:44 Latest version is 1.5.3
2024-01-19 03:55:44 App is up to date.
2024-01-19 14:30:22 Loading main app package /tmp/.mount_obsidiKuLm5T/resources/obsidian.asar
2024-01-19 14:30:22 Checking for update using Github
2024-01-19 14:30:22 Success.
2024-01-19 14:30:22 Latest version is 1.5.3
2024-01-19 14:30:22 App is up to date.
2024-01-19 15:30:22 Checking for update using Github
2024-01-19 15:30:22 Success.
2024-01-19 15:30:22 Latest version is 1.5.3
2024-01-19 15:30:22 App is up to date.
2024-01-19 16:30:22 Checking for update using Github
2024-01-19 16:30:22 Success.
2024-01-19 16:30:22 Latest version is 1.5.3
2024-01-19 16:30:22 App is up to date.
2024-01-19 17:30:22 Checking for update using Github
2024-01-19 17:30:22 Success.
2024-01-19 17:30:22 Latest version is 1.5.3
2024-01-19 17:30:22 App is up to date.
2024-01-19 18:30:22 Checking for update using Github
2024-01-19 18:30:22 Success.
2024-01-19 18:30:22 Latest version is 1.5.3
2024-01-19 18:30:22 App is up to date.
2024-01-19 19:30:22 Checking for update using Github
2024-01-19 19:30:22 Success.
2024-01-19 19:30:22 Latest version is 1.5.3
2024-01-19 19:30:22 App is up to date.
2024-01-19 19:35:11 Loading main app package /tmp/.mount_obsidij0RQxY/resources/obsidian.asar
2024-01-19 19:35:12 Checking for update using Github
2024-01-19 19:35:12 Success.
2024-01-19 19:35:12 Latest version is 1.5.3
2024-01-19 19:35:12 App is up to date.
2024-01-19 20:35:11 Checking for update using Github
2024-01-19 20:35:11 Success.
2024-01-19 20:35:11 Latest version is 1.5.3
2024-01-19 20:35:11 App is up to date.
2024-01-19 21:35:11 Checking for update using Github
2024-01-19 21:35:11 Success.
2024-01-19 21:35:11 Latest version is 1.5.3
2024-01-19 21:35:11 App is up to date.
2024-01-19 22:35:11 Checking for update using Github
2024-01-19 22:35:11 Success.
2024-01-19 22:35:11 Latest version is 1.5.3
2024-01-19 22:35:11 App is up to date.
2024-01-20 01:36:38 Checking for update using Github
2024-01-20 01:36:38 Failed to check for update using Github (net::ERR_INTERNET_DISCONNECTED)
2024-01-20 01:36:38 Checking for update using obsidian.md
2024-01-20 01:36:38 Failed to check for update using obsidian.md (net::ERR_INTERNET_DISCONNECTED)
2024-01-20 02:36:38 Checking for update using Github
2024-01-20 02:36:38 Failed to check for update using Github (net::ERR_INTERNET_DISCONNECTED)
2024-01-20 02:36:38 Checking for update using obsidian.md
2024-01-20 02:36:38 Failed to check for update using obsidian.md (net::ERR_INTERNET_DISCONNECTED)
2024-01-20 03:36:38 Checking for update using Github
2024-01-20 03:36:38 Failed to check for update using Github (net::ERR_INTERNET_DISCONNECTED)
2024-01-20 03:36:38 Checking for update using obsidian.md
2024-01-20 03:36:38 Failed to check for update using obsidian.md (net::ERR_INTERNET_DISCONNECTED)
2024-01-20 14:55:38 Checking for update using Github
2024-01-20 14:55:50 Success.
2024-01-20 14:55:50 Latest version is 1.5.3
2024-01-20 14:55:50 App is up to date.
2024-01-22 03:17:52 Loading main app package /tmp/.mount_obsidiHcnTfp/resources/obsidian.asar
2024-01-22 03:17:53 Checking for update using Github
2024-01-22 03:17:53 Failed to check for update using Github (net::ERR_INTERNET_DISCONNECTED)
2024-01-22 03:17:53 Checking for update using obsidian.md
2024-01-22 03:17:53 Failed to check for update using obsidian.md (net::ERR_INTERNET_DISCONNECTED)
2024-01-22 16:14:38 Loading main app package /tmp/.mount_obsidiNH1MdN/resources/obsidian.asar
2024-01-22 16:14:39 Checking for update using Github
2024-01-22 16:14:39 Success.
2024-01-22 16:14:39 Latest version is 1.5.3
2024-01-22 16:14:39 App is up to date.
2024-01-22 16:53:55 Loading main app package /tmp/.mount_obsidirLqreh/resources/obsidian.asar
2024-01-22 16:53:56 Checking for update using Github
2024-01-22 16:53:56 Success.
2024-01-22 16:53:56 Latest version is 1.5.3
2024-01-22 16:53:56 App is up to date.
2024-01-22 17:53:55 Checking for update using Github
2024-01-22 17:53:56 Success.
2024-01-22 17:53:56 Latest version is 1.5.3
2024-01-22 17:53:56 App is up to date.
2024-01-22 18:53:55 Checking for update using Github
2024-01-22 18:53:56 Success.
2024-01-22 18:53:56 Latest version is 1.5.3
2024-01-22 18:53:56 App is up to date.
2024-01-22 19:53:55 Checking for update using Github
2024-01-22 19:53:56 Failed to check for update using Github (net::ERR_NAME_NOT_RESOLVED)
2024-01-22 19:53:56 Checking for update using obsidian.md
2024-01-22 19:53:56 Failed to check for update using obsidian.md (net::ERR_NAME_NOT_RESOLVED)
2024-01-22 20:53:56 Checking for update using Github
2024-01-22 20:53:56 Success.
2024-01-22 20:53:56 Latest version is 1.5.3
2024-01-22 20:53:56 App is up to date.
2024-01-22 21:53:56 Checking for update using Github
2024-01-22 21:53:56 Success.
2024-01-22 21:53:56 Latest version is 1.5.3
2024-01-22 21:53:56 App is up to date.
2024-01-22 22:53:56 Checking for update using Github
2024-01-22 22:53:56 Success.
2024-01-22 22:53:56 Latest version is 1.5.3
2024-01-22 22:53:56 App is up to date.
2024-01-23 16:08:01 Loading main app package /tmp/.mount_obsidibUIjuo/resources/obsidian.asar
2024-01-23 16:08:01 Checking for update using Github
2024-01-23 16:08:01 Success.
2024-01-23 16:08:01 Latest version is 1.5.3
2024-01-23 16:08:01 App is up to date.
2024-01-23 18:30:39 Checking for update using Github
2024-01-23 18:30:39 Success.
2024-01-23 18:30:39 Latest version is 1.5.3
2024-01-23 18:30:39 App is up to date.
2024-01-23 19:30:39 Checking for update using Github
2024-01-23 19:30:39 Success.
2024-01-23 19:30:39 Latest version is 1.5.3
2024-01-23 19:30:39 App is up to date.
2024-01-23 20:30:39 Checking for update using Github
2024-01-23 20:30:39 Success.
2024-01-23 20:30:39 Latest version is 1.5.3
2024-01-23 20:30:39 App is up to date.
2024-01-23 21:30:39 Checking for update using Github
2024-01-23 21:30:39 Success.
2024-01-23 21:30:39 Latest version is 1.5.3
2024-01-23 21:30:39 App is up to date.
2024-01-23 22:30:39 Checking for update using Github
2024-01-23 22:30:39 Success.
2024-01-23 22:30:39 Latest version is 1.5.3
2024-01-23 22:30:39 App is up to date.
2024-01-23 23:30:39 Checking for update using Github
2024-01-23 23:30:39 Success.
2024-01-23 23:30:39 Latest version is 1.5.3
2024-01-23 23:30:39 App is up to date.
2024-01-24 01:15:18 Checking for update using Github
2024-01-24 16:42:41 Loading main app package /tmp/.mount_obsidi73suci/resources/obsidian.asar
2024-01-24 16:42:41 Checking for update using Github
2024-01-24 16:42:42 Success.
2024-01-24 16:42:42 Latest version is 1.5.3
2024-01-24 16:42:42 App is up to date.
2024-01-24 17:42:41 Checking for update using Github
2024-01-24 17:42:41 Failed to check for update using Github (net::ERR_INTERNET_DISCONNECTED)
2024-01-24 17:42:41 Checking for update using obsidian.md
2024-01-24 17:42:41 Failed to check for update using obsidian.md (net::ERR_INTERNET_DISCONNECTED)
2024-01-24 18:42:41 Checking for update using Github
2024-01-24 18:42:41 Failed to check for update using Github (net::ERR_INTERNET_DISCONNECTED)
2024-01-24 18:42:41 Checking for update using obsidian.md
2024-01-24 18:42:41 Failed to check for update using obsidian.md (net::ERR_INTERNET_DISCONNECTED)
2024-01-24 19:42:41 Checking for update using Github
2024-01-24 19:42:41 Success.
2024-01-24 19:42:41 Latest version is 1.5.3
2024-01-24 19:42:41 App is up to date.
2024-01-24 20:42:41 Checking for update using Github
2024-01-24 20:42:41 Success.
2024-01-24 20:42:41 Latest version is 1.5.3
2024-01-24 20:42:41 App is up to date.
2024-01-24 21:42:41 Checking for update using Github
2024-01-24 21:42:41 Success.
2024-01-24 21:42:41 Latest version is 1.5.3
2024-01-24 21:42:41 App is up to date.
2024-01-25 00:08:34 Checking for update using Github
2024-01-25 00:08:34 Failed to check for update using Github (net::ERR_INTERNET_DISCONNECTED)
2024-01-25 00:08:34 Checking for update using obsidian.md
2024-01-25 00:08:34 Failed to check for update using obsidian.md (net::ERR_INTERNET_DISCONNECTED)
2024-01-25 01:08:35 Checking for update using Github
2024-01-25 01:08:38 Success.
2024-01-25 01:08:38 Latest version is 1.5.3
2024-01-25 01:08:38 App is up to date.
2024-01-25 02:08:35 Checking for update using Github
2024-01-25 02:08:38 Success.
2024-01-25 02:08:38 Latest version is 1.5.3
2024-01-25 02:08:38 App is up to date.
2024-01-25 03:08:35 Checking for update using Github
2024-01-25 03:08:35 Success.
2024-01-25 03:08:35 Latest version is 1.5.3
2024-01-25 03:08:35 App is up to date.
2024-01-25 04:08:35 Checking for update using Github
2024-01-25 04:08:36 Success.
2024-01-25 04:08:36 Latest version is 1.5.3
2024-01-25 04:08:36 App is up to date.
2024-01-25 14:24:19 Checking for update using Github
2024-01-25 14:24:19 Success.
2024-01-25 14:24:19 Latest version is 1.5.3
2024-01-25 14:24:19 App is up to date.
2024-01-25 15:24:19 Checking for update using Github
2024-01-25 15:24:19 Success.
2024-01-25 15:24:19 Latest version is 1.5.3
2024-01-25 15:24:19 App is up to date.
2024-01-25 16:24:19 Checking for update using Github
2024-01-25 16:24:47 Failed to check for update using Github (net::ERR_NAME_NOT_RESOLVED)
2024-01-25 16:24:47 Checking for update using obsidian.md
2024-01-25 16:25:15 Failed to check for update using obsidian.md (net::ERR_NAME_NOT_RESOLVED)
2024-01-25 17:24:19 Checking for update using Github
2024-01-25 17:24:19 Success.
2024-01-25 17:24:19 Latest version is 1.5.3
2024-01-25 17:24:19 App is up to date.
2024-01-25 18:24:19 Checking for update using Github
2024-01-25 18:24:19 Failed to check for update using Github (net::ERR_INTERNET_DISCONNECTED)
2024-01-25 18:24:19 Checking for update using obsidian.md
2024-01-25 18:24:19 Failed to check for update using obsidian.md (net::ERR_INTERNET_DISCONNECTED)
2024-01-25 19:24:19 Checking for update using Github
2024-01-25 19:24:19 Failed to check for update using Github (net::ERR_INTERNET_DISCONNECTED)
2024-01-25 19:24:19 Checking for update using obsidian.md
2024-01-25 19:24:19 Failed to check for update using obsidian.md (net::ERR_INTERNET_DISCONNECTED)
2024-01-25 20:24:20 Checking for update using Github
2024-01-25 20:24:20 Success.
2024-01-25 20:24:20 Latest version is 1.5.3
2024-01-25 20:24:20 App is up to date.
2024-01-25 21:24:20 Checking for update using Github
2024-01-25 21:24:20 Success.
2024-01-25 21:24:20 Latest version is 1.5.3
2024-01-25 21:24:20 App is up to date.
2024-01-25 22:24:20 Checking for update using Github
2024-01-25 22:24:20 Success.
2024-01-25 22:24:20 Latest version is 1.5.3
2024-01-25 22:24:20 App is up to date.
2024-01-26 01:27:51 Checking for update using Github
2024-01-26 01:27:51 Failed to check for update using Github (net::ERR_INTERNET_DISCONNECTED)
2024-01-26 01:27:51 Checking for update using obsidian.md
2024-01-26 01:27:51 Failed to check for update using obsidian.md (net::ERR_INTERNET_DISCONNECTED)
2024-01-26 02:27:52 Checking for update using Github
2024-01-26 02:28:07 Failed to check for update using Github (net::ERR_NAME_NOT_RESOLVED)
2024-01-26 02:28:07 Checking for update using obsidian.md
2024-01-26 02:28:13 Success.
2024-01-26 02:28:13 Latest version is 1.5.3
2024-01-26 02:28:13 App is up to date.
2024-01-26 03:27:53 Checking for update using Github
2024-01-26 03:28:03 Failed to check for update using Github (net::ERR_NAME_NOT_RESOLVED)
2024-01-26 03:28:03 Checking for update using obsidian.md
2024-01-26 03:28:03 Success.
2024-01-26 03:28:03 Latest version is 1.5.3
2024-01-26 03:28:03 App is up to date.
2024-01-26 04:27:53 Checking for update using Github
2024-01-26 04:28:03 Failed to check for update using Github (net::ERR_NAME_NOT_RESOLVED)
2024-01-26 04:28:03 Checking for update using obsidian.md
2024-01-26 04:28:03 Success.
2024-01-26 04:28:03 Latest version is 1.5.3
2024-01-26 04:28:03 App is up to date.
2024-01-26 14:24:07 Loading main app package /tmp/.mount_obsidi6on59U/resources/obsidian.asar
2024-01-26 14:24:07 Checking for update using Github
2024-01-26 14:24:08 Success.
2024-01-26 14:24:08 Latest version is 1.5.3
2024-01-26 14:24:08 App is up to date.
2024-01-28 16:45:35 Loading main app package /tmp/.mount_obsidimBKMqh/resources/obsidian.asar
2024-01-28 16:45:36 Checking for update using Github
2024-01-28 16:45:36 Success.
2024-01-28 16:45:36 Latest version is 1.5.3
2024-01-28 16:45:36 App is up to date.
2024-01-28 17:45:35 Checking for update using Github
2024-01-28 17:45:36 Success.
2024-01-28 17:45:36 Latest version is 1.5.3
2024-01-28 17:45:36 App is up to date.
2024-01-28 18:45:35 Checking for update using Github
2024-01-28 18:45:36 Success.
2024-01-28 18:45:36 Latest version is 1.5.3
2024-01-28 18:45:36 App is up to date.
2024-01-28 23:55:52 Checking for update using Github
2024-01-28 23:55:53 Success.
2024-01-28 23:55:53 Latest version is 1.5.3
2024-01-28 23:55:53 App is up to date.
2024-01-29 00:55:52 Checking for update using Github
2024-01-29 00:55:54 Success.
2024-01-29 00:55:54 Latest version is 1.5.3
2024-01-29 00:55:54 App is up to date.
2024-01-29 01:55:53 Checking for update using Github
2024-01-29 01:55:53 Success.
2024-01-29 01:55:53 Latest version is 1.5.3
2024-01-29 01:55:53 App is up to date.
2024-01-29 02:55:53 Checking for update using Github
2024-01-29 02:55:53 Success.
2024-01-29 02:55:53 Latest version is 1.5.3
2024-01-29 02:55:53 App is up to date.
2024-01-29 03:55:53 Checking for update using Github
2024-01-29 03:55:53 Success.
2024-01-29 03:55:53 Latest version is 1.5.3
2024-01-29 03:55:53 App is up to date.
2024-01-29 13:30:12 Loading main app package /tmp/.mount_obsidiZSTP8a/resources/obsidian.asar
2024-01-29 13:30:12 Checking for update using Github
2024-01-29 13:30:13 Success.
2024-01-29 13:30:13 Latest version is 1.5.3
2024-01-29 13:30:13 App is up to date.
2024-01-29 14:30:12 Checking for update using Github
2024-01-29 14:30:12 Success.
2024-01-29 14:30:12 Latest version is 1.5.3
2024-01-29 14:30:12 App is up to date.
2024-01-29 15:30:12 Checking for update using Github
2024-01-29 15:30:12 Success.
2024-01-29 15:30:12 Latest version is 1.5.3
2024-01-29 15:30:12 App is up to date.
2024-01-29 16:30:12 Checking for update using Github
2024-01-29 16:30:12 Success.
2024-01-29 16:30:12 Latest version is 1.5.3
2024-01-29 16:30:12 App is up to date.
2024-01-29 17:30:12 Checking for update using Github
2024-01-29 17:30:12 Success.
2024-01-29 17:30:12 Latest version is 1.5.3
2024-01-29 17:30:12 App is up to date.
2024-01-29 18:30:12 Checking for update using Github
2024-01-29 18:30:12 Success.
2024-01-29 18:30:12 Latest version is 1.5.3
2024-01-29 18:30:12 App is up to date.
2024-01-29 19:30:12 Checking for update using Github
2024-01-29 19:30:12 Success.
2024-01-29 19:30:12 Latest version is 1.5.3
2024-01-29 19:30:12 App is up to date.
2024-01-29 20:30:12 Checking for update using Github
2024-01-29 20:30:12 Success.
2024-01-29 20:30:12 Latest version is 1.5.3
2024-01-29 20:30:12 App is up to date.
2024-01-29 21:30:12 Checking for update using Github
2024-01-29 21:30:12 Success.
2024-01-29 21:30:12 Latest version is 1.5.3
2024-01-29 21:30:12 App is up to date.
2024-01-29 22:30:12 Checking for update using Github
2024-01-29 22:30:13 Success.
2024-01-29 22:30:13 Latest version is 1.5.3
2024-01-29 22:30:13 App is up to date.
2024-01-30 01:52:18 Checking for update using Github
2024-01-30 01:52:18 Failed to check for update using Github (net::ERR_INTERNET_DISCONNECTED)
2024-01-30 01:52:18 Checking for update using obsidian.md
2024-01-30 01:52:18 Failed to check for update using obsidian.md (net::ERR_INTERNET_DISCONNECTED)
2024-01-30 02:52:19 Checking for update using Github
2024-01-30 02:52:20 Success.
2024-01-30 02:52:20 Latest version is 1.5.3
2024-01-30 02:52:20 App is up to date.
2024-01-30 03:52:19 Checking for update using Github
2024-01-30 03:52:26 Success.
2024-01-30 03:52:26 Latest version is 1.5.3
2024-01-30 03:52:26 App is up to date.
2024-01-30 17:11:57 Loading main app package /tmp/.mount_obsidinGh9zm/resources/obsidian.asar
2024-01-30 17:11:57 Checking for update using Github
2024-01-30 17:11:58 Success.
2024-01-30 17:11:58 Latest version is 1.5.3
2024-01-30 17:11:58 App is up to date.
2024-01-30 18:11:57 Checking for update using Github
2024-01-30 18:11:57 Success.
2024-01-30 18:11:57 Latest version is 1.5.3
2024-01-30 18:11:57 App is up to date.
2024-01-30 19:11:57 Checking for update using Github
2024-01-30 19:11:58 Success.
2024-01-30 19:11:58 Latest version is 1.5.3
2024-01-30 19:11:58 App is up to date.
2024-01-30 20:11:57 Checking for update using Github
2024-01-30 20:11:57 Success.
2024-01-30 20:11:57 Latest version is 1.5.3
2024-01-30 20:11:57 App is up to date.
2024-01-30 21:11:57 Checking for update using Github
2024-01-30 21:11:58 Success.
2024-01-30 21:11:58 Latest version is 1.5.3
2024-01-30 21:11:58 App is up to date.
